<?xml version="1.0" encoding="UTF-8"?>
<!-- Generated by org.testng.reporters.JUnitXMLReporter -->
<testsuite hostname="DESKTOP-DFDQ44H" ignored="2" name="Test2" tests="2" failures="0" timestamp="03 Mar 2022 09:16:03 GMT" time="95.024" errors="0">
  <testcase name="CreateContactWithOrgNametest" time="40.467" classname="com.crm.ContactTests.CreateContactWithOrgNameTest"/>
  <testcase name="CreateContacttest" time="25.298" classname="com.crm.ContactTests.CreateContactTest"/>
  <testcase name="@AfterSuite closeDB" time="0.0" classname="com.crm.GenericLibrary.BaseClass">
    <ignored/>
  </testcase> <!-- @AfterSuite closeDB -->
  <testcase name="@BeforeSuite connectDataBase" time="0.0" classname="com.crm.GenericLibrary.BaseClass">
    <ignored/>
  </testcase> <!-- @BeforeSuite connectDataBase -->
</testsuite> <!-- Test2 -->
