<?xml version="1.0" encoding="UTF-8"?>
<testng-results skipped="0" failed="0" ignored="0" total="1" passed="1">
  <reporter-output>
    <line>
      <![CDATA[=========dataBase connection sucessful=====]]>
    </line>
    <line>
      <![CDATA[Browser launch sucessful]]>
    </line>
    <line>
      <![CDATA[=====Login application sucessful=====]]>
    </line>
    <line>
      <![CDATA[CreateOrgtestTestScript Execution started]]>
    </line>
    <line>
      <![CDATA[Org link clicked]]>
    </line>
    <line>
      <![CDATA[[ ACC130 ] TYSS_41 - Organization Informationmatched]]>
    </line>
    <line>
      <![CDATA[CreateOrgtest--->>> TestScript Sucessfull - PASS]]>
    </line>
    <line>
      <![CDATA[log out application sucessful]]>
    </line>
    <line>
      <![CDATA[browser close sucessful]]>
    </line>
    <line>
      <![CDATA[=======DB close sucessful=====]]>
    </line>
  </reporter-output>
  <suite name="Default suite" duration-ms="25823" started-at="2022-03-17T12:09:46Z" finished-at="2022-03-17T12:10:12Z">
    <groups>
    </groups>
    <test name="Default test" duration-ms="25823" started-at="2022-03-17T12:09:46Z" finished-at="2022-03-17T12:10:12Z">
      <class name="com.crm.OraganizationTests.CreateOrgTest">
        <test-method status="PASS" signature="connectDataBase()[pri:0, instance:com.crm.OraganizationTests.CreateOrgTest@2f686d1f]" name="connectDataBase" is-config="true" duration-ms="31" started-at="2022-03-17T12:09:46Z" finished-at="2022-03-17T12:09:46Z">
          <reporter-output>
            <line>
              <![CDATA[=========dataBase connection sucessful=====]]>
            </line>
          </reporter-output>
        </test-method> <!-- connectDataBase -->
        <test-method status="PASS" signature="launchbrowser()[pri:0, instance:com.crm.OraganizationTests.CreateOrgTest@2f686d1f]" name="launchbrowser" is-config="true" duration-ms="4461" started-at="2022-03-17T12:09:47Z" finished-at="2022-03-17T12:09:51Z">
          <reporter-output>
            <line>
              <![CDATA[Browser launch sucessful]]>
            </line>
          </reporter-output>
        </test-method> <!-- launchbrowser -->
        <test-method status="PASS" signature="login()[pri:0, instance:com.crm.OraganizationTests.CreateOrgTest@2f686d1f]" name="login" is-config="true" duration-ms="4183" started-at="2022-03-17T12:09:51Z" finished-at="2022-03-17T12:09:55Z">
          <reporter-output>
            <line>
              <![CDATA[=====Login application sucessful=====]]>
            </line>
          </reporter-output>
        </test-method> <!-- login -->
        <test-method status="PASS" signature="CreateOrgtest()[pri:0, instance:com.crm.OraganizationTests.CreateOrgTest@2f686d1f]" name="CreateOrgtest" duration-ms="14276" started-at="2022-03-17T12:09:55Z" finished-at="2022-03-17T12:10:10Z">
          <reporter-output>
            <line>
              <![CDATA[CreateOrgtestTestScript Execution started]]>
            </line>
            <line>
              <![CDATA[Org link clicked]]>
            </line>
            <line>
              <![CDATA[[ ACC130 ] TYSS_41 - Organization Informationmatched]]>
            </line>
            <line>
              <![CDATA[CreateOrgtest--->>> TestScript Sucessfull - PASS]]>
            </line>
          </reporter-output>
        </test-method> <!-- CreateOrgtest -->
        <test-method status="PASS" signature="logout()[pri:0, instance:com.crm.OraganizationTests.CreateOrgTest@2f686d1f]" name="logout" is-config="true" duration-ms="1748" started-at="2022-03-17T12:10:10Z" finished-at="2022-03-17T12:10:11Z">
          <reporter-output>
            <line>
              <![CDATA[log out application sucessful]]>
            </line>
          </reporter-output>
        </test-method> <!-- logout -->
        <test-method status="PASS" signature="closebrowser()[pri:0, instance:com.crm.OraganizationTests.CreateOrgTest@2f686d1f]" name="closebrowser" is-config="true" duration-ms="757" started-at="2022-03-17T12:10:11Z" finished-at="2022-03-17T12:10:12Z">
          <reporter-output>
            <line>
              <![CDATA[browser close sucessful]]>
            </line>
          </reporter-output>
        </test-method> <!-- closebrowser -->
        <test-method status="PASS" signature="closeDB()[pri:0, instance:com.crm.OraganizationTests.CreateOrgTest@2f686d1f]" name="closeDB" is-config="true" duration-ms="0" started-at="2022-03-17T12:10:13Z" finished-at="2022-03-17T12:10:13Z">
          <reporter-output>
            <line>
              <![CDATA[=======DB close sucessful=====]]>
            </line>
          </reporter-output>
        </test-method> <!-- closeDB -->
      </class> <!-- com.crm.OraganizationTests.CreateOrgTest -->
    </test> <!-- Default test -->
  </suite> <!-- Default suite -->
</testng-results>
